This is pdfTeX, Version 3.1415926-2.5-1.40.14 (TeX Live 2013/TeX Live for SUSE Linux) (format=pdflatex 2016.12.20)  3 MAR 2017 13:19
entering extended mode
 restricted \write18 enabled.
 %&-line parsing enabled.
**iterative_loeser_Doku.tex
(./iterative_loeser_Doku.tex
LaTeX2e <2011/06/27>
Babel <3.9f> and hyphenation patterns for 78 languages loaded.
(/usr/share/texmf/tex/latex/base/article.cls
Document Class: article 2007/10/19 v1.4h Standard LaTeX document class
(/usr/share/texmf/tex/latex/base/size11.clo
File: size11.clo 2007/10/19 v1.4h Standard LaTeX file (size option)
)
\c@part=\count79
\c@section=\count80
\c@subsection=\count81
\c@subsubsection=\count82
\c@paragraph=\count83
\c@subparagraph=\count84
\c@figure=\count85
\c@table=\count86
\abovecaptionskip=\skip41
\belowcaptionskip=\skip42
\bibindent=\dimen102
)
(/usr/share/texmf/tex/generic/babel/babel.sty
Package: babel 2013/05/16 v3.9f The Babel package

(/usr/share/texmf/tex/generic/babel-german/ngermanb.ldf
Language: ngermanb 2008/07/06 v2.6n new German support from the babel system

(/usr/share/texmf/tex/generic/babel/babel.def
File: babel.def 2013/05/16 v3.9f Babel common definitions
\babel@savecnt=\count87
\U@D=\dimen103
)
\l@naustrian = a dialect from \language\l@ngerman 
Package babel Info: Making " an active character on input line 92.
))
(/usr/share/texmf/tex/latex/base/inputenc.sty
Package: inputenc 2008/03/30 v1.1d Input encoding file
\inpenc@prehook=\toks14
\inpenc@posthook=\toks15

(/usr/share/texmf/tex/latex/base/ansinew.def
File: ansinew.def 2008/03/30 v1.1d Input encoding file
))
(/usr/share/texmf/tex/latex/hyperref/hyperref.sty
Package: hyperref 2012/11/06 v6.83m Hypertext links for LaTeX

(/usr/share/texmf/tex/generic/oberdiek/hobsub-hyperref.sty
Package: hobsub-hyperref 2012/05/28 v1.13 Bundle oberdiek, subset hyperref (HO)


(/usr/share/texmf/tex/generic/oberdiek/hobsub-generic.sty
Package: hobsub-generic 2012/05/28 v1.13 Bundle oberdiek, subset generic (HO)
Package: hobsub 2012/05/28 v1.13 Construct package bundles (HO)
Package: infwarerr 2010/04/08 v1.3 Providing info/warning/error messages (HO)
Package: ltxcmds 2011/11/09 v1.22 LaTeX kernel commands for general use (HO)
Package: ifluatex 2010/03/01 v1.3 Provides the ifluatex switch (HO)
Package ifluatex Info: LuaTeX not detected.
Package: ifvtex 2010/03/01 v1.5 Detect VTeX and its facilities (HO)
Package ifvtex Info: VTeX not detected.
Package: intcalc 2007/09/27 v1.1 Expandable calculations with integers (HO)
Package: ifpdf 2011/01/30 v2.3 Provides the ifpdf switch (HO)
Package ifpdf Info: pdfTeX in PDF mode is detected.
Package: etexcmds 2011/02/16 v1.5 Avoid name clashes with e-TeX commands (HO)
Package etexcmds Info: Could not find \expanded.
(etexcmds)             That can mean that you are not using pdfTeX 1.50 or
(etexcmds)             that some package has redefined \expanded.
(etexcmds)             In the latter case, load this package earlier.
Package: kvsetkeys 2012/04/25 v1.16 Key value parser (HO)
Package: kvdefinekeys 2011/04/07 v1.3 Define keys (HO)
Package: pdftexcmds 2011/11/29 v0.20 Utility functions of pdfTeX for LuaTeX (HO
)
Package pdftexcmds Info: LuaTeX not detected.
Package pdftexcmds Info: \pdf@primitive is available.
Package pdftexcmds Info: \pdf@ifprimitive is available.
Package pdftexcmds Info: \pdfdraftmode found.
Package: pdfescape 2011/11/25 v1.13 Implements pdfTeX's escape features (HO)
Package: bigintcalc 2012/04/08 v1.3 Expandable calculations on big integers (HO
)
Package: bitset 2011/01/30 v1.1 Handle bit-vector datatype (HO)
Package: uniquecounter 2011/01/30 v1.2 Provide unlimited unique counter (HO)
)
Package hobsub Info: Skipping package `hobsub' (already loaded).
Package: letltxmacro 2010/09/02 v1.4 Let assignment for LaTeX macros (HO)
Package: hopatch 2012/05/28 v1.2 Wrapper for package hooks (HO)
Package: xcolor-patch 2011/01/30 xcolor patch
Package: atveryend 2011/06/30 v1.8 Hooks at the very end of document (HO)
Package atveryend Info: \enddocument detected (standard20110627).
Package: atbegshi 2011/10/05 v1.16 At begin shipout hook (HO)
Package: refcount 2011/10/16 v3.4 Data extraction from label references (HO)
Package: hycolor 2011/01/30 v1.7 Color options for hyperref/bookmark (HO)
)
(/usr/share/texmf/tex/latex/graphics/keyval.sty
Package: keyval 1999/03/16 v1.13 key=value parser (DPC)
\KV@toks@=\toks16
)
(/usr/share/texmf/tex/generic/ifxetex/ifxetex.sty
Package: ifxetex 2010/09/12 v0.6 Provides ifxetex conditional
)
(/usr/share/texmf/tex/latex/oberdiek/auxhook.sty
Package: auxhook 2011/03/04 v1.3 Hooks for auxiliary files (HO)
)
(/usr/share/texmf/tex/latex/oberdiek/kvoptions.sty
Package: kvoptions 2011/06/30 v3.11 Key value format for package options (HO)
)
\@linkdim=\dimen104
\Hy@linkcounter=\count88
\Hy@pagecounter=\count89

(/usr/share/texmf/tex/latex/hyperref/pd1enc.def
File: pd1enc.def 2012/11/06 v6.83m Hyperref: PDFDocEncoding definition (HO)
)
\Hy@SavedSpaceFactor=\count90

(/usr/share/texmf/tex/latex/latexconfig/hyperref.cfg
File: hyperref.cfg 2002/06/06 v1.2 hyperref configuration of TeXLive
)
Package hyperref Info: Hyper figures OFF on input line 4443.
Package hyperref Info: Link nesting OFF on input line 4448.
Package hyperref Info: Hyper index ON on input line 4451.
Package hyperref Info: Plain pages OFF on input line 4458.
Package hyperref Info: Backreferencing OFF on input line 4463.
Package hyperref Info: Implicit mode ON; LaTeX internals redefined.
Package hyperref Info: Bookmarks ON on input line 4688.
\c@Hy@tempcnt=\count91

(/usr/share/texmf/tex/latex/url/url.sty
\Urlmuskip=\muskip10
Package: url 2006/04/12  ver 3.3  Verb mode for urls, etc.
)
LaTeX Info: Redefining \url on input line 5041.
\XeTeXLinkMargin=\dimen105
\Fld@menulength=\count92
\Field@Width=\dimen106
\Fld@charsize=\dimen107
Package hyperref Info: Hyper figures OFF on input line 6295.
Package hyperref Info: Link nesting OFF on input line 6300.
Package hyperref Info: Hyper index ON on input line 6303.
Package hyperref Info: backreferencing OFF on input line 6310.
Package hyperref Info: Link coloring OFF on input line 6315.
Package hyperref Info: Link coloring with OCG OFF on input line 6320.
Package hyperref Info: PDF/A mode OFF on input line 6325.
LaTeX Info: Redefining \ref on input line 6365.
LaTeX Info: Redefining \pageref on input line 6369.
\Hy@abspage=\count93
\c@Item=\count94
\c@Hfootnote=\count95
)

Package hyperref Message: Driver (autodetected): hpdftex.

(/usr/share/texmf/tex/latex/hyperref/hpdftex.def
File: hpdftex.def 2012/11/06 v6.83m Hyperref driver for pdfTeX
\Fld@listcount=\count96
\c@bookmark@seq@number=\count97

(/usr/share/texmf/tex/latex/oberdiek/rerunfilecheck.sty
Package: rerunfilecheck 2011/04/15 v1.7 Rerun checks for auxiliary files (HO)
Package uniquecounter Info: New unique counter `rerunfilecheck' on input line 2
82.
)
\Hy@SectionHShift=\skip43
)
(/usr/share/texmf/tex/latex/graphics/graphicx.sty
Package: graphicx 1999/02/16 v1.0f Enhanced LaTeX Graphics (DPC,SPQR)

(/usr/share/texmf/tex/latex/graphics/graphics.sty
Package: graphics 2009/02/05 v1.0o Standard LaTeX Graphics (DPC,SPQR)

(/usr/share/texmf/tex/latex/graphics/trig.sty
Package: trig 1999/03/16 v1.09 sin cos tan (DPC)
)
(/usr/share/texmf/tex/latex/latexconfig/graphics.cfg
File: graphics.cfg 2010/04/23 v1.9 graphics configuration of TeX Live
)
Package graphics Info: Driver file: pdftex.def on input line 91.

(/usr/share/texmf/tex/latex/pdftex-def/pdftex.def
File: pdftex.def 2011/05/27 v0.06d Graphics/color for pdfTeX
\Gread@gobject=\count98
))
\Gin@req@height=\dimen108
\Gin@req@width=\dimen109
)
(./iterative_loeser_Doku.aux)
\openout1 = `iterative_loeser_Doku.aux'.

LaTeX Font Info:    Checking defaults for OML/cmm/m/it on input line 18.
LaTeX Font Info:    ... okay on input line 18.
LaTeX Font Info:    Checking defaults for T1/cmr/m/n on input line 18.
LaTeX Font Info:    ... okay on input line 18.
LaTeX Font Info:    Checking defaults for OT1/cmr/m/n on input line 18.
LaTeX Font Info:    ... okay on input line 18.
LaTeX Font Info:    Checking defaults for OMS/cmsy/m/n on input line 18.
LaTeX Font Info:    ... okay on input line 18.
LaTeX Font Info:    Checking defaults for OMX/cmex/m/n on input line 18.
LaTeX Font Info:    ... okay on input line 18.
LaTeX Font Info:    Checking defaults for U/cmr/m/n on input line 18.
LaTeX Font Info:    ... okay on input line 18.
LaTeX Font Info:    Checking defaults for PD1/pdf/m/n on input line 18.
LaTeX Font Info:    ... okay on input line 18.
\AtBeginShipoutBox=\box26
Package hyperref Info: Link coloring OFF on input line 18.
 (/usr/share/texmf/tex/latex/hyperref/nameref.sty
Package: nameref 2012/10/27 v2.43 Cross-referencing by name of section

(/usr/share/texmf/tex/generic/oberdiek/gettitlestring.sty
Package: gettitlestring 2010/12/03 v1.4 Cleanup title references (HO)
)
\c@section@level=\count99
)
LaTeX Info: Redefining \ref on input line 18.
LaTeX Info: Redefining \pageref on input line 18.
LaTeX Info: Redefining \nameref on input line 18.

(./iterative_loeser_Doku.out) (./iterative_loeser_Doku.out)
\@outlinefile=\write3
\openout3 = `iterative_loeser_Doku.out'.


(/usr/share/texmf/tex/context/base/supp-pdf.mkii
[Loading MPS to PDF converter (version 2006.09.02).]
\scratchcounter=\count100
\scratchdimen=\dimen110
\scratchbox=\box27
\nofMPsegments=\count101
\nofMParguments=\count102
\everyMPshowfont=\toks17
\MPscratchCnt=\count103
\MPscratchDim=\dimen111
\MPnumerator=\count104
\makeMPintoPDFobject=\count105
\everyMPtoPDFconversion=\toks18
) (/usr/share/texmf/tex/latex/oberdiek/epstopdf-base.sty
Package: epstopdf-base 2010/02/09 v2.5 Base part for package epstopdf

(/usr/share/texmf/tex/latex/oberdiek/grfext.sty
Package: grfext 2010/08/19 v1.1 Manage graphics extensions (HO)
)
Package grfext Info: Graphics extension search list:
(grfext)             [.png,.pdf,.jpg,.mps,.jpeg,.jbig2,.jb2,.PNG,.PDF,.JPG,.JPE
G,.JBIG2,.JB2,.eps]
(grfext)             \AppendGraphicsExtensions on input line 452.

(/usr/share/texmf/tex/latex/latexconfig/epstopdf-sys.cfg
File: epstopdf-sys.cfg 2010/07/13 v1.3 Configuration of (r)epstopdf for TeX Liv
e
))
(./iterative_loeser_Doku.toc
LaTeX Font Info:    External font `cmex10' loaded for size
(Font)              <10.95> on input line 6.
LaTeX Font Info:    External font `cmex10' loaded for size
(Font)              <8> on input line 6.
LaTeX Font Info:    External font `cmex10' loaded for size
(Font)              <6> on input line 6.
)
\tf@toc=\write4
\openout4 = `iterative_loeser_Doku.toc'.

Package babel Info: Redefining ngerman shorthand "|
(babel)             in language append on input line 26.
Package babel Info: Redefining ngerman shorthand "~
(babel)             in language append on input line 26.
Package babel Info: Redefining ngerman shorthand "|
(babel)             in language append on input line 26.
Package babel Info: Redefining ngerman shorthand "~
(babel)             in language append on input line 26.
 [1{/usr/share/texmf/fonts/map/pdftex/updmap/pdftex.map}

]
Package babel Info: Redefining ngerman shorthand "|
(babel)             in language append on input line 28.
Package babel Info: Redefining ngerman shorthand "~
(babel)             in language append on input line 28.

Overfull \hbox (9.41602pt too wide) in paragraph at lines 30--43
\OT1/cmtt/m/n/10.95 com / kbarbary / website / blob / master / posts / julia-[]
vs-[]numpy-[]arrays . rst$[]
 []

Package babel Info: Redefining ngerman shorthand "|
(babel)             in language append on input line 44.
Package babel Info: Redefining ngerman shorthand "~
(babel)             in language append on input line 44.
Package babel Info: Redefining ngerman shorthand "|
(babel)             in language append on input line 47.
Package babel Info: Redefining ngerman shorthand "~
(babel)             in language append on input line 47.
Package babel Info: Redefining ngerman shorthand "|
(babel)             in language append on input line 54.
Package babel Info: Redefining ngerman shorthand "~
(babel)             in language append on input line 54.
Package babel Info: Redefining ngerman shorthand "|
(babel)             in language append on input line 54.
Package babel Info: Redefining ngerman shorthand "~
(babel)             in language append on input line 54.
[2]
Package babel Info: Redefining ngerman shorthand "|
(babel)             in language append on input line 55.
Package babel Info: Redefining ngerman shorthand "~
(babel)             in language append on input line 55.
Package babel Info: Redefining ngerman shorthand "|
(babel)             in language append on input line 55.
Package babel Info: Redefining ngerman shorthand "~
(babel)             in language append on input line 55.
 [3]
Package babel Info: Redefining ngerman shorthand "|
(babel)             in language append on input line 57.
Package babel Info: Redefining ngerman shorthand "~
(babel)             in language append on input line 57.
Package babel Info: Redefining ngerman shorthand "|
(babel)             in language append on input line 59.
Package babel Info: Redefining ngerman shorthand "~
(babel)             in language append on input line 59.
Package babel Info: Redefining ngerman shorthand "|
(babel)             in language append on input line 62.
Package babel Info: Redefining ngerman shorthand "~
(babel)             in language append on input line 62.
Package babel Info: Redefining ngerman shorthand "|
(babel)             in language append on input line 80.
Package babel Info: Redefining ngerman shorthand "~
(babel)             in language append on input line 80.
Package babel Info: Redefining ngerman shorthand "|
(babel)             in language append on input line 90.
Package babel Info: Redefining ngerman shorthand "~
(babel)             in language append on input line 90.
Package babel Info: Redefining ngerman shorthand "|
(babel)             in language append on input line 90.
Package babel Info: Redefining ngerman shorthand "~
(babel)             in language append on input line 90.
 [4]
Package babel Info: Redefining ngerman shorthand "|
(babel)             in language append on input line 98.
Package babel Info: Redefining ngerman shorthand "~
(babel)             in language append on input line 98.

Overfull \hbox (1.50252pt too wide) in paragraph at lines 99--102
\OT1/cmr/m/n/10.95 Um zu be-ur-tei-len ob ei-nes die-ser Ver-fah-ren funk-tio-n
iert, muss ich []uberpr[]ufen,
 []

Package babel Info: Redefining ngerman shorthand "|
(babel)             in language append on input line 103.
Package babel Info: Redefining ngerman shorthand "~
(babel)             in language append on input line 103.
Package babel Info: Redefining ngerman shorthand "|
(babel)             in language append on input line 107.
Package babel Info: Redefining ngerman shorthand "~
(babel)             in language append on input line 107.
Package babel Info: Redefining ngerman shorthand "|
(babel)             in language append on input line 107.
Package babel Info: Redefining ngerman shorthand "~
(babel)             in language append on input line 107.
[5]
Package babel Info: Redefining ngerman shorthand "|
(babel)             in language append on input line 109.
Package babel Info: Redefining ngerman shorthand "~
(babel)             in language append on input line 109.
Package babel Info: Redefining ngerman shorthand "|
(babel)             in language append on input line 139.
Package babel Info: Redefining ngerman shorthand "~
(babel)             in language append on input line 139.
Package babel Info: Redefining ngerman shorthand "|
(babel)             in language append on input line 139.
Package babel Info: Redefining ngerman shorthand "~
(babel)             in language append on input line 139.
 [6]
Package babel Info: Redefining ngerman shorthand "|
(babel)             in language append on input line 141.
Package babel Info: Redefining ngerman shorthand "~
(babel)             in language append on input line 141.

! Undefined control sequence.
l.146 \zitat
            {vorfaktor = (dimension+1)*(dimension+1)
The control sequence at the end of the top line
of your error message was never \def'ed. If you have
misspelled it (e.g., `\hobx'), type `I' and the correct
spelling (e.g., `I\hbox'). Otherwise just continue,
and I'll forget about whatever was undefined.

<iterationen.png, id=167, 566.5968pt x 421.3341pt>
File: iterationen.png Graphic file (type png)
 <use iterationen.png>
Package pdftex.def Info: iterationen.png used on input line 155.
(pdftex.def)             Requested size: 360.0pt x 267.69847pt.
Package babel Info: Redefining ngerman shorthand "|
(babel)             in language append on input line 162.
Package babel Info: Redefining ngerman shorthand "~
(babel)             in language append on input line 162.
Package babel Info: Redefining ngerman shorthand "|
(babel)             in language append on input line 162.
Package babel Info: Redefining ngerman shorthand "~
(babel)             in language append on input line 162.

[7 <./iterationen.png>]
Package babel Info: Redefining ngerman shorthand "|
(babel)             in language append on input line 164.
Package babel Info: Redefining ngerman shorthand "~
(babel)             in language append on input line 164.
 <SORneu.png, id=176, 567.3195pt x 422.7795pt>
File: SORneu.png Graphic file (type png)

<use SORneu.png>
Package pdftex.def Info: SORneu.png used on input line 170.
(pdftex.def)             Requested size: 360.0pt x 268.28136pt.

Overfull \hbox (77.45856pt too wide) has occurred while \output is active
\OT1/cmr/m/sl/10.95 7 VERGLEICH ZWISCHEN JULIA UND PYTHON ANHAND DES SOR VERFAH
REN \OT1/cmr/m/n/10.95 8
 []

Package babel Info: Redefining ngerman shorthand "|
(babel)             in language append on input line 179.
Package babel Info: Redefining ngerman shorthand "~
(babel)             in language append on input line 179.
Package babel Info: Redefining ngerman shorthand "|
(babel)             in language append on input line 179.
Package babel Info: Redefining ngerman shorthand "~
(babel)             in language append on input line 179.
[8 <./SORneu.png>]
Package babel Info: Redefining ngerman shorthand "|
(babel)             in language append on input line 181.
Package babel Info: Redefining ngerman shorthand "~
(babel)             in language append on input line 181.
 <Jacobi.png, id=183, 1664.3781pt x 1013.9481pt>
File: Jacobi.png Graphic file (type png)

<use Jacobi.png>
Package pdftex.def Info: Jacobi.png used on input line 189.
(pdftex.def)             Requested size: 360.0pt x 219.30968pt.
 <Jacobineu.png, id=184, 567.3195pt x 422.7795pt>
File: Jacobineu.png Graphic file (type png)

<use Jacobineu.png>
Package pdftex.def Info: Jacobineu.png used on input line 198.
(pdftex.def)             Requested size: 360.0pt x 268.28136pt.


LaTeX Warning: `h' float specifier changed to `ht'.


Overfull \hbox (47.42448pt too wide) has occurred while \output is active
\OT1/cmr/m/sl/10.95 8 []UBERPR[]UFUNG DER ERGEBNISSE MITHILFE DES JACOBI VERFAH
REN \OT1/cmr/m/n/10.95 9
 []

Package babel Info: Redefining ngerman shorthand "|
(babel)             in language append on input line 204.
Package babel Info: Redefining ngerman shorthand "~
(babel)             in language append on input line 204.
Package babel Info: Redefining ngerman shorthand "|
(babel)             in language append on input line 204.
Package babel Info: Redefining ngerman shorthand "~
(babel)             in language append on input line 204.
[9 <./Jacobi.png>]
Overfull \hbox (52.89949pt too wide) has occurred while \output is active
\OT1/cmr/m/sl/10.95 8 []UBERPR[]UFUNG DER ERGEBNISSE MITHILFE DES JACOBI VERFAH
REN \OT1/cmr/m/n/10.95 10
 []

Package babel Info: Redefining ngerman shorthand "|
(babel)             in language append on input line 205.
Package babel Info: Redefining ngerman shorthand "~
(babel)             in language append on input line 205.
Package babel Info: Redefining ngerman shorthand "|
(babel)             in language append on input line 205.
Package babel Info: Redefining ngerman shorthand "~
(babel)             in language append on input line 205.
[10 <./Jacobineu.png>]
Package babel Info: Redefining ngerman shorthand "|
(babel)             in language append on input line 207.
Package babel Info: Redefining ngerman shorthand "~
(babel)             in language append on input line 207.
Package babel Info: Redefining ngerman shorthand "|
(babel)             in language append on input line 218.
Package babel Info: Redefining ngerman shorthand "~
(babel)             in language append on input line 218.
Package babel Info: Redefining ngerman shorthand "|
(babel)             in language append on input line 218.
Package babel Info: Redefining ngerman shorthand "~
(babel)             in language append on input line 218.
 [11]
Package babel Info: Redefining ngerman shorthand "|
(babel)             in language append on input line 220.
Package babel Info: Redefining ngerman shorthand "~
(babel)             in language append on input line 220.
Package babel Info: Redefining ngerman shorthand "|
(babel)             in language append on input line 221.
Package babel Info: Redefining ngerman shorthand "~
(babel)             in language append on input line 221.
Package babel Info: Redefining ngerman shorthand "|
(babel)             in language append on input line 225.
Package babel Info: Redefining ngerman shorthand "~
(babel)             in language append on input line 225.

! Undefined control sequence.
l.231 \zitat
            {matrix = [-((n+1)*(n+1)), 2*((n+1)*(n+1)), -((n+1)*(n+1))]}
The control sequence at the end of the top line
of your error message was never \def'ed. If you have
misspelled it (e.g., `\hobx'), type `I' and the correct
spelling (e.g., `I\hbox'). Otherwise just continue,
and I'll forget about whatever was undefined.

Package babel Info: Redefining ngerman shorthand "|
(babel)             in language append on input line 237.
Package babel Info: Redefining ngerman shorthand "~
(babel)             in language append on input line 237.
Package babel Info: Redefining ngerman shorthand "|
(babel)             in language append on input line 237.
Package babel Info: Redefining ngerman shorthand "~
(babel)             in language append on input line 237.
[12]
Package babel Info: Redefining ngerman shorthand "|
(babel)             in language append on input line 239.
Package babel Info: Redefining ngerman shorthand "~
(babel)             in language append on input line 239.

! Undefined control sequence.
l.259 \zitat
            {x[i]= (1-w)*xalt[i]+((w/matrix[1])*(b[i]-(matrix[0]*xalt[i-1]+m...
The control sequence at the end of the top line
of your error message was never \def'ed. If you have
misspelled it (e.g., `\hobx'), type `I' and the correct
spelling (e.g., `I\hbox'). Otherwise just continue,
and I'll forget about whatever was undefined.


Overfull \hbox (80.37314pt too wide) in paragraph at lines 258--260
[]\OT1/cmr/m/n/10.95 Die Im-ple-men-tie-rung sieht al-so fol-gen-der-mas-sen au
s: x[i]= (1-w)*xalt[i]+((w/matrix[1])*(b[i]-
 []

<jacobimatrixfrei.png, id=205, 566.5968pt x 421.3341pt>
File: jacobimatrixfrei.png Graphic file (type png)

<use jacobimatrixfrei.png>
Package pdftex.def Info: jacobimatrixfrei.png used on input line 265.
(pdftex.def)             Requested size: 360.0pt x 267.69847pt.


LaTeX Warning: `h' float specifier changed to `ht'.

Package babel Info: Redefining ngerman shorthand "|
(babel)             in language append on input line 272.
Package babel Info: Redefining ngerman shorthand "~
(babel)             in language append on input line 272.
Package babel Info: Redefining ngerman shorthand "|
(babel)             in language append on input line 272.
Package babel Info: Redefining ngerman shorthand "~
(babel)             in language append on input line 272.
[13]
Package babel Info: Redefining ngerman shorthand "|
(babel)             in language append on input line 274.
Package babel Info: Redefining ngerman shorthand "~
(babel)             in language append on input line 274.

! Too many }'s.
l.274 \subsection{SOR matrixfrei}}
                                  
You've closed more groups than you opened.
Such booboos are generally harmless, so keep going.

! Undefined control sequence.
l.281 \zitat
            {x[i]= (1-w)*x[i]+((w/matrix[1])*(b[i]-(matrix[0]*x[i-1]+matrix[...
The control sequence at the end of the top line
of your error message was never \def'ed. If you have
misspelled it (e.g., `\hobx'), type `I' and the correct
spelling (e.g., `I\hbox'). Otherwise just continue,
and I'll forget about whatever was undefined.

<SORmatrixfrei.png, id=215, 566.5968pt x 421.3341pt>
File: SORmatrixfrei.png Graphic file (type png)
 <use SORmatrixfrei.png>
Package pdftex.def Info: SORmatrixfrei.png used on input line 287.
(pdftex.def)             Requested size: 360.0pt x 267.69847pt.


LaTeX Warning: `h' float specifier changed to `ht'.

Package babel Info: Redefining ngerman shorthand "|
(babel)             in language append on input line 294.
Package babel Info: Redefining ngerman shorthand "~
(babel)             in language append on input line 294.
Package babel Info: Redefining ngerman shorthand "|
(babel)             in language append on input line 296.
Package babel Info: Redefining ngerman shorthand "~
(babel)             in language append on input line 296.
Package babel Info: Redefining ngerman shorthand "|
(babel)             in language append on input line 296.
Package babel Info: Redefining ngerman shorthand "~
(babel)             in language append on input line 296.
[14 <./jacobimatrixfrei.png>]
Package babel Info: Redefining ngerman shorthand "|
(babel)             in language append on input line 297.
Package babel Info: Redefining ngerman shorthand "~
(babel)             in language append on input line 297.
Package babel Info: Redefining ngerman shorthand "|
(babel)             in language append on input line 297.
Package babel Info: Redefining ngerman shorthand "~
(babel)             in language append on input line 297.
 [15 <./SORmatrixfrei.png>]
Package babel Info: Redefining ngerman shorthand "|
(babel)             in language append on input line 299.
Package babel Info: Redefining ngerman shorthand "~
(babel)             in language append on input line 299.
Package atveryend Info: Empty hook `BeforeClearDocument' on input line 303.
Package babel Info: Redefining ngerman shorthand "|
(babel)             in language append on input line 303.
Package babel Info: Redefining ngerman shorthand "~
(babel)             in language append on input line 303.
Package babel Info: Redefining ngerman shorthand "|
(babel)             in language append on input line 303.
Package babel Info: Redefining ngerman shorthand "~
(babel)             in language append on input line 303.
 [16]
Package atveryend Info: Empty hook `AfterLastShipout' on input line 303.

(./iterative_loeser_Doku.aux)
Package atveryend Info: Executing hook `AtVeryEndDocument' on input line 303.
Package atveryend Info: Executing hook `AtEndAfterFileList' on input line 303.
Package rerunfilecheck Info: File `iterative_loeser_Doku.out' has not changed.
(rerunfilecheck)             Checksum: EBB9A178370BCBD4766203F859E19356;1518.
Package atveryend Info: Empty hook `AtVeryVeryEnd' on input line 303.
 ) 
Here is how much of TeX's memory you used:
 5613 strings out of 493315
 81724 string characters out of 6145892
 170730 words of memory out of 5000000
 8964 multiletter control sequences out of 15000+600000
 8418 words of font info for 30 fonts, out of 8000000 for 9000
 957 hyphenation exceptions out of 8191
 29i,6n,32p,908b,344s stack positions out of 5000i,500n,10000p,200000b,80000s
</usr/share/texmf/fonts/type1/public/amsfonts/cm/cmbx10.pfb></usr/share/texmf
/fonts/type1/public/amsfonts/cm/cmbx12.pfb></usr/share/texmf/fonts/type1/public
/amsfonts/cm/cmex10.pfb></usr/share/texmf/fonts/type1/public/amsfonts/cm/cmmi10
.pfb></usr/share/texmf/fonts/type1/public/amsfonts/cm/cmmi6.pfb></usr/share/tex
mf/fonts/type1/public/amsfonts/cm/cmmi8.pfb></usr/share/texmf/fonts/type1/publi
c/amsfonts/cm/cmr10.pfb></usr/share/texmf/fonts/type1/public/amsfonts/cm/cmr6.p
fb></usr/share/texmf/fonts/type1/public/amsfonts/cm/cmr8.pfb></usr/share/texmf/
fonts/type1/public/amsfonts/cm/cmsl10.pfb></usr/share/texmf/fonts/type1/public/
amsfonts/cm/cmsy10.pfb></usr/share/texmf/fonts/type1/public/amsfonts/cm/cmsy8.p
fb></usr/share/texmf/fonts/type1/public/amsfonts/cm/cmtt10.pfb>
Output written on iterative_loeser_Doku.pdf (16 pages, 659724 bytes).
PDF statistics:
 292 PDF objects out of 1000 (max. 8388607)
 246 compressed objects within 3 object streams
 64 named destinations out of 1000 (max. 500000)
 199 words of extra memory for PDF output out of 10000 (max. 10000000)

